2023-06-28T02:09:02.078Z-info: Server is listening on port 8086
2023-06-28T02:42:59.538Z-info: Server is listening on port 8086
2023-06-29T00:57:48.591Z-info: Server is listening on port 8086
2023-06-29T00:59:19.565Z-info: Server is listening on port 8086
2023-06-29T00:59:43.855Z-info: Server is listening on port 8086
2023-06-29T01:00:06.221Z-info: Server is listening on port 8086
2023-06-29T01:01:02.926Z-info: Server is listening on port 8086
2023-06-29T01:02:08.299Z-info: Server is listening on port 8086
2023-06-29T01:04:31.748Z-info: Server is listening on port 8086
2023-06-29T01:04:57.273Z-info: Server is listening on port 8086
2023-06-29T01:05:22.548Z-info: Server is listening on port 8086
2023-06-29T01:07:29.616Z-info: Server is listening on port 8086
2023-06-29T01:07:49.078Z-info: Server is listening on port 8086
2023-06-29T01:20:08.042Z-info: Server is listening on port 8086
2023-06-29T01:21:01.798Z-info: Server is listening on port 8086
2023-06-29T01:55:20.857Z-info: Server is listening on port 8086
2023-06-29T01:57:08.790Z-info: Server is listening on port 8086
2023-06-29T02:13:21.921Z-info: Server is listening on port 8086
2023-06-29T02:13:29.520Z-error: insert into "wallet" ("created_at", "min_amount", "status", "updated_at", "user_id") values ($1, $2, $3, $4, $5) returning * - duplicate key value violates unique constraint "wallet_user_id_key"
2023-06-29T02:28:25.140Z-info: Server is listening on port 8086
2023-06-30T00:46:09.711Z-info: Server is listening on port 8086
2023-06-30T00:47:23.574Z-info: Server is listening on port 8086
2023-06-30T00:48:17.052Z-info: Server is listening on port 8086
2023-06-30T00:48:51.911Z-info: Server is listening on port 8086
2023-06-30T00:50:18.862Z-info: Server is listening on port 8086
2023-06-30T00:51:10.794Z-info: Server is listening on port 8086
2023-06-30T00:51:29.214Z-info: Server is listening on port 8086
2023-06-30T00:54:09.611Z-info: Server is listening on port 8086
2023-06-30T00:54:38.480Z-info: Server is listening on port 8086
2023-06-30T00:55:46.732Z-info: Server is listening on port 8086
2023-06-30T01:09:13.872Z-info: Server is listening on port 8086
2023-06-30T01:11:09.685Z-info: Server is listening on port 8086
2023-06-30T01:18:11.559Z-info: Server is listening on port 8086
2023-06-30T01:22:34.881Z-info: Server is listening on port 8086
2023-06-30T01:23:20.490Z-info: Server is listening on port 8086
2023-06-30T01:24:07.927Z-info: Server is listening on port 8086
2023-06-30T01:37:39.867Z-info: Server is listening on port 8086
2023-06-30T01:39:41.172Z-info: Server is listening on port 8086
2023-06-30T01:40:50.398Z-info: Server is listening on port 8086
2023-06-30T01:41:12.811Z-info: Server is listening on port 8086
2023-06-30T01:41:41.385Z-info: Server is listening on port 8086
2023-06-30T01:41:59.524Z-info: Server is listening on port 8086
2023-06-30T01:43:14.278Z-info: Server is listening on port 8086
2023-06-30T01:50:36.906Z-info: Server is listening on port 8086
2023-06-30T02:05:28.938Z-info: Server is listening on port 8086
2023-06-30T02:05:59.505Z-info: Server is listening on port 8086
2023-06-30T02:06:17.232Z-info: Server is listening on port 8086
2023-06-30T02:07:29.224Z-info: Server is listening on port 8086
2023-06-30T02:08:21.008Z-info: Server is listening on port 8086
2023-06-30T02:09:15.405Z-info: Server is listening on port 8086
2023-06-30T02:11:03.994Z-info: Server is listening on port 8086
2023-06-30T02:13:30.995Z-info: Server is listening on port 8086
2023-06-30T02:18:05.659Z-info: Server is listening on port 8086
2023-06-30T02:25:14.408Z-info: Server is listening on port 8086
2023-07-01T01:15:57.374Z-info: Server is listening on port 8086
2023-07-01T01:16:59.790Z-info: Server is listening on port 8086
2023-07-01T01:17:26.968Z-info: Server is listening on port 8086
2023-07-01T01:27:18.387Z-info: Server is listening on port 8086
2023-07-01T01:46:10.281Z-info: Server is listening on port 8086
2023-07-01T01:47:49.199Z-error: insert into "transaction" ("amount", "created_at", "type", "updated_at", "wallet_id") values ($1, $2, $3, $4, $5) returning * - insert or update on table "transaction" violates foreign key constraint "fk_transaction"
2023-07-01T01:50:15.213Z-info: Server is listening on port 8086
2023-07-01T01:50:17.710Z-error: insert into "transaction" ("amount", "created_at", "type", "updated_at", "wallet_id") values ($1, $2, $3, $4, $5) returning * - insert or update on table "transaction" violates foreign key constraint "fk_transaction"
2023-07-01T01:52:42.658Z-info: Server is listening on port 8086
2023-07-01T01:55:57.651Z-info: Server is listening on port 8086
2023-07-01T02:09:52.092Z-info: Server is listening on port 8086
2023-07-01T02:13:03.150Z-info: Server is listening on port 8086
2023-07-01T02:14:07.906Z-info: Server is listening on port 8086
2023-07-01T02:14:50.708Z-info: Server is listening on port 8086
2023-07-01T02:15:17.179Z-info: Server is listening on port 8086
2023-07-01T02:15:28.183Z-info: Server is listening on port 8086
2023-07-01T02:15:56.822Z-info: Server is listening on port 8086
2023-07-01T02:17:00.178Z-info: Server is listening on port 8086
2023-07-01T02:24:41.800Z-info: Server is listening on port 8086
2023-07-01T02:25:22.298Z-info: Server is listening on port 8086
2023-07-04T01:03:16.992Z-info: Server is listening on port 8086
2023-07-04T01:04:30.714Z-info: Server is listening on port 8086
2023-07-04T01:05:11.880Z-info: Server is listening on port 8086
2023-07-04T01:18:56.917Z-info: Server is listening on port 8086
2023-07-04T01:21:33.312Z-info: Server is listening on port 8086
2023-07-04T01:21:41.621Z-error: Failed Discount wallet amount
2023-07-05T02:37:33.264Z-info: Server is listening on port 8086
2023-07-05T02:39:33.063Z-info: Server is listening on port 8086
2023-07-05T02:40:21.334Z-info: Server is listening on port 8086
2023-07-05T02:42:03.444Z-info: Server is listening on port 8086
2023-07-05T02:42:11.045Z-info: Server is listening on port 8086
2023-07-05T02:42:34.106Z-info: Server is listening on port 8086
2023-07-05T02:42:35.836Z-info: Failed to send Notification Invalid messages array [undefined] for topic "transaction_async_topic"
2023-07-05T02:43:39.284Z-info: Server is listening on port 8086
2023-07-05T02:43:42.300Z-info: Failed to send Notification Invalid messages array [undefined] for topic "transaction_async_topic"
2023-07-05T02:44:33.295Z-info: Server is listening on port 8086
2023-07-05T02:44:36.643Z-info: Failed to send Notification Invalid messages array [undefined] for topic "transaction_async_topic"
2023-07-05T02:45:06.309Z-info: Server is listening on port 8086
2023-07-05T02:45:06.788Z-info: Notification send successfully
2023-07-06T00:47:20.161Z-info: Server is listening on port 8086
2023-07-06T00:47:38.445Z-info: Notification send successfully
2023-07-06T00:49:35.435Z-info: Server is listening on port 8086
2023-07-06T00:49:38.007Z-info: Notification send successfully
2023-07-06T01:05:49.777Z-info: Server is listening on port 8086
2023-07-06T01:05:54.183Z-info: Notification send successfully
2023-07-06T01:09:36.430Z-info: Server is listening on port 8086
2023-07-06T01:09:39.955Z-info: Notification send successfully
2023-07-06T01:27:50.244Z-info: Server is listening on port 8086
2023-07-06T01:30:10.654Z-info: Server is listening on port 8086
2023-07-06T01:30:57.491Z-info: Server is listening on port 8086
2023-07-06T01:31:37.075Z-info: Server is listening on port 8086
2023-07-06T01:50:06.615Z-info: Server is listening on port 8086
2023-07-06T01:51:00.460Z-info: Server is listening on port 8086
2023-07-06T01:51:10.248Z-info: Server is listening on port 8086
2023-07-06T01:51:49.450Z-info: Server is listening on port 8086
2023-07-06T01:51:58.605Z-info: Server is listening on port 8086
2023-07-06T01:54:27.440Z-info: Server is listening on port 8086
2023-07-06T01:54:33.751Z-info: Server is listening on port 8086
2023-07-06T01:55:06.860Z-info: Server is listening on port 8086
2023-07-06T02:13:10.069Z-info: Server is listening on port 8086
2023-07-06T02:16:45.631Z-info: Server is listening on port 8086
2023-07-06T02:22:05.110Z-info: Server is listening on port 8086
2023-07-06T02:23:03.170Z-info: Server is listening on port 8086
2023-07-06T02:24:46.611Z-info: Server is listening on port 8086
2023-07-06T02:25:13.741Z-info: Server is listening on port 8086
2023-07-06T02:27:10.587Z-info: Server is listening on port 8086
2023-07-06T02:28:39.765Z-info: Server is listening on port 8086
2023-07-06T02:28:58.195Z-info: Server is listening on port 8086
2023-07-06T02:30:56.120Z-info: Server is listening on port 8086
2023-07-06T02:33:36.498Z-info: Server is listening on port 8086
2023-07-06T02:33:46.101Z-info: Server is listening on port 8086
2023-07-06T02:42:51.571Z-info: Server is listening on port 8086
2023-07-06T02:43:05.221Z-info: Server is listening on port 8086
2023-07-06T02:47:59.910Z-info: Server is listening on port 8086
2023-07-07T00:48:52.384Z-info: Server is listening on port 8086
2023-07-07T00:49:35.818Z-info: Server is listening on port 8086
2023-07-07T00:49:55.193Z-info: Notification send successfully
2023-07-07T00:50:23.459Z-info: Notification send successfully
2023-07-07T00:50:30.362Z-info: Notification send successfully
2023-07-07T00:51:12.635Z-info: Server is listening on port 8086
2023-07-07T00:51:19.338Z-info: Notification send successfully
2023-07-07T00:51:48.063Z-info: Notification send successfully
